<?xml version="1.0" encoding="UTF-8"?>
<testng-results skipped="0" failed="0" ignored="0" total="1" passed="1">
  <reporter-output>
  </reporter-output>
  <suite name="Default suite" duration-ms="63" started-at="2019-03-27T05:30:22Z" finished-at="2019-03-27T05:30:22Z">
    <groups>
    </groups>
    <test name="Default test" duration-ms="63" started-at="2019-03-27T05:30:22Z" finished-at="2019-03-27T05:30:22Z">
      <class name="test.Testt">
        <test-method status="PASS" signature="run()[pri:0, instance:test.Testt@3a82f6ef]" name="run" duration-ms="15" started-at="2019-03-27T05:30:22Z" finished-at="2019-03-27T05:30:22Z">
          <reporter-output>
          </reporter-output>
        </test-method> <!-- run -->
      </class> <!-- test.Testt -->
    </test> <!-- Default test -->
  </suite> <!-- Default suite -->
</testng-results>
